2026-06-27 23:47:57,791 | INFO     | pipeline | =================================================================
2026-06-27 23:47:57,791 | INFO     | pipeline |   PIPELINE DÉCHETS MÉNAGERS — DÉMARRAGE
2026-06-27 23:47:57,792 | INFO     | pipeline |   2026-06-27 23:47:57
2026-06-27 23:47:57,792 | INFO     | pipeline | =================================================================
2026-06-27 23:47:57,792 | INFO     | pipeline | 
[ÉTAPE 1/4] Chargement et contrôle qualité des données brutes...
2026-06-27 23:47:57,793 | INFO     | loader | Chargement : C:\Users\admin\Desktop\DOSSIER_AS3\TRAITEMENT DONNEES\PROJET\Insalubrite_traitement_donnees\input\base_Insalubrite.dta
2026-06-27 23:47:58,187 | INFO     | loader | Dimensions brutes : 2474 lignes × 139 colonnes
2026-06-27 23:47:58,188 | INFO     | loader | Colonnes disponibles : ['Commune', 'quartier', 'I_2', 'I_3', 'I_4', 'I_4_other', 'I_5_1', 'I_5_2', 'I_5_3', 'I_5_4', 'I_5', 'I_6', 'I_7', 'I_7_other', 'I_8', 'I_9', 'I_10', 'I_10_other', 'I_11', 'I_12_1', 'I_12_2', 'I_12_3', 'I_12_4', 'I_12_5', 'II_1', '_v1', '_v2', '_v3', '_v4', '_v5', '_v6', '_v7', 'II_1_other', 'II_2', '_v8', '_v9', '_v10', '_v11', '_v12', '_v13', '_v14', '_v15', '_v16', '_v17', 'II_2_other', 'II_3', 'II_3_other', 'II_4', 'II_5', 'II_5_other', 'II_6', 'II_7', 'II_8', 'II_9', '_v18', '_v19', '_v20', '_v21', '_v22', 'II_9_other', 'II_10', 'II_11', 'II_12_1', 'II_12_2', 'II_12_3', 'II_12_4', 'II_13', 'II_14', 'II_15', 'II_16', 'II_17', 'II_18', 'II_19', 'II_20', 'II_21', 'II_22', 'II_22_other', 'II_23', 'II_23_other', 'II_24', 'II_25_1', 'II_25_2', 'III_1', 'III_2', 'III_3', 'III_4', 'III_4_other', 'III_5', 'III_6', 'III_7', 'III_8', 'III_9', 'III_10', 'III_11', 'III_12', 'III_13', 'III_14', 'III_15', 'III_16', 'III_17', '_v23', '_v24', '_v25', '_v26', '_v27', '_v28', '_v29', 'III_17_other', 'III_18', 'III_19', 'III_20', 'III_21', 'III_22', 'III_23', 'III_23_other', 'III_24', 'III_25', 'III_26', 'III_26_other', 'III_27', 'III_28', 'III_29', 'III_30', 'III_30_other', 'III_31', 'III_32', 'III_33', 'IV_0', '_v30', '_v31', '_v32', '_v33', '_v34', '_v35', '_v36', '_v37', '_v38', 'IV_0_other', 'IV_count']
2026-06-27 23:47:58,367 | INFO     | loader | Nettoyage des types terminé.
2026-06-27 23:47:58,435 | INFO     | loader | Contrôles qualité : 49 signalements générés.
2026-06-27 23:47:58,437 | INFO     | pipeline |   → 2474 ménages chargés, 49 anomalies détectées.
2026-06-27 23:47:58,437 | INFO     | pipeline | 
[ÉTAPE 2/4] Construction des variables analytiques...
2026-06-27 23:47:58,462 | INFO     | builder | Bloc A (ménage) : 15 variables construites.
2026-06-27 23:47:58,488 | INFO     | builder | Bloc B (CM) : 19 variables construites.
2026-06-27 23:47:58,999 | INFO     | builder | Bloc C (déchets) : 87 variables construites.
2026-06-27 23:47:59,167 | INFO     | builder | Bloc D (conséquences) : 14 variables construites.
2026-06-27 23:47:59,196 | INFO     | builder | Table consolidée : 2474 lignes × 135 colonnes.
2026-06-27 23:47:59,198 | INFO     | pipeline |   → Table finale : 135 variables analytiques.
2026-06-27 23:47:59,199 | INFO     | pipeline | 
[ÉTAPE 3/4] Export CSV et Stata...
2026-06-27 23:47:59,498 | INFO     | exporter | CSV exporté : C:\Users\admin\Desktop\DOSSIER_AS3\TRAITEMENT DONNEES\PROJET\Insalubrite_traitement_donnees\output\dataset_dechets.csv (2474 lignes × 135 colonnes)
2026-06-27 23:47:59,500 | WARNING  | exporter | Noms raccourcis pour Stata : {'satisfaction_emplacements_corbeilles': 'satisfaction_emplacements_cor'}
2026-06-27 23:48:00,192 | INFO     | exporter | Stata .dta exporté : C:\Users\admin\Desktop\DOSSIER_AS3\TRAITEMENT DONNEES\PROJET\Insalubrite_traitement_donnees\output\dataset_dechets.dta
2026-06-27 23:48:00,195 | INFO     | pipeline |   → CSV  : C:\Users\admin\Desktop\DOSSIER_AS3\TRAITEMENT DONNEES\PROJET\Insalubrite_traitement_donnees\output\dataset_dechets.csv
2026-06-27 23:48:00,197 | INFO     | pipeline |   → DTA  : C:\Users\admin\Desktop\DOSSIER_AS3\TRAITEMENT DONNEES\PROJET\Insalubrite_traitement_donnees\output\dataset_dechets.dta
2026-06-27 23:48:00,197 | INFO     | pipeline | 
[ÉTAPE 4/4] Génération du rapport QAQC...
2026-06-27 23:48:01,013 | INFO     | qaqc | Rapport QAQC sauvegardé : C:\Users\admin\Desktop\DOSSIER_AS3\TRAITEMENT DONNEES\PROJET\Insalubrite_traitement_donnees\output\QAQC_rapport.xlsx
2026-06-27 23:48:01,013 | INFO     | pipeline |   → QAQC : C:\Users\admin\Desktop\DOSSIER_AS3\TRAITEMENT DONNEES\PROJET\Insalubrite_traitement_donnees\output\QAQC_rapport.xlsx
2026-06-27 23:48:01,014 | INFO     | pipeline | 
=================================================================
2026-06-27 23:48:01,015 | INFO     | pipeline |   PIPELINE TERMINÉ AVEC SUCCÈS
2026-06-27 23:48:01,015 | INFO     | pipeline |   Durée : 3.2s
2026-06-27 23:48:01,015 | INFO     | pipeline |   Ménages traités   : 2474
2026-06-27 23:48:01,016 | INFO     | pipeline |   Variables output  : 135
2026-06-27 23:48:01,016 | INFO     | pipeline |   Anomalies QC      : 49
2026-06-27 23:48:01,016 | INFO     | pipeline |   Fichiers produits : C:\Users\admin\Desktop\DOSSIER_AS3\TRAITEMENT DONNEES\PROJET\Insalubrite_traitement_donnees\output\dataset_dechets.csv
2026-06-27 23:48:01,016 | INFO     | pipeline |                       C:\Users\admin\Desktop\DOSSIER_AS3\TRAITEMENT DONNEES\PROJET\Insalubrite_traitement_donnees\output\dataset_dechets.dta
2026-06-27 23:48:01,016 | INFO     | pipeline |                       C:\Users\admin\Desktop\DOSSIER_AS3\TRAITEMENT DONNEES\PROJET\Insalubrite_traitement_donnees\output\QAQC_rapport.xlsx
2026-06-27 23:48:01,017 | INFO     | pipeline | =================================================================
